<?xml version="1.0" encoding="UTF-8"?>
<!-- Generated by org.testng.reporters.JUnitXMLReporter -->
<testsuite ignored="3" hostname="BLR1-LHP-N73414" failures="0" tests="1" name="Default test" time="0.066" errors="0" timestamp="2024-02-02T16:33:43 IST">
  <testcase classname="day8.MyFirstTest" name="testDriver" time="0.012"/>
  <testcase classname="day8.MyFirstTest" name="openApp" time="0.0">
    <ignored/>
  </testcase> <!-- openApp -->
  <testcase classname="day8.MyFirstTest" name="closeDriver" time="0.0">
    <ignored/>
  </testcase> <!-- closeDriver -->
  <testcase classname="day8.MyFirstTest" name="login" time="0.0">
    <ignored/>
  </testcase> <!-- login -->
</testsuite> <!-- Default test -->
