<?xml version="1.0" encoding="UTF-8"?>
<testng-results ignored="3" total="4" passed="1" failed="0" skipped="0">
  <reporter-output>
  </reporter-output>
  <suite started-at="2024-02-02T16:33:43 IST" name="Default suite" finished-at="2024-02-02T16:33:43 IST" duration-ms="66">
    <groups>
    </groups>
    <test started-at="2024-02-02T16:33:43 IST" name="Default test" finished-at="2024-02-02T16:33:43 IST" duration-ms="66">
      <class name="day8.MyFirstTest">
        <test-method signature="testDriver()[pri:0, instance:day8.MyFirstTest@778d1062]" started-at="2024-02-02T16:33:43 IST" name="testDriver" finished-at="2024-02-02T16:33:43 IST" duration-ms="12" status="PASS">
          <reporter-output>
          </reporter-output>
        </test-method> <!-- testDriver -->
      </class> <!-- day8.MyFirstTest -->
    </test> <!-- Default test -->
  </suite> <!-- Default suite -->
</testng-results>
