<?xml version="1.0" encoding="UTF-8"?>
<!-- Generated by org.testng.reporters.JUnitXMLReporter -->
<testsuite ignored="6" hostname="BLR1-LHP-N73414" failures="0" tests="3" name="mytest" time="0.072" errors="0" timestamp="2023-10-05T11:07:12 IST">
  <testcase classname="day9.Grouping" name="signupByFacebook" time="0.01"/>
  <testcase classname="day9.Grouping" name="signupByTwitter" time="0.002"/>
  <testcase classname="day9.Grouping" name="paymentinBank" time="0.002"/>
  <testcase classname="day9.Grouping" name="loginByTwitter" time="0.0">
    <ignored/>
  </testcase> <!-- loginByTwitter -->
  <testcase classname="day9.Grouping" name="paymentinRupees" time="0.0">
    <ignored/>
  </testcase> <!-- paymentinRupees -->
  <testcase classname="day9.Grouping" name="paymentinDollar" time="0.0">
    <ignored/>
  </testcase> <!-- paymentinDollar -->
  <testcase classname="day9.Grouping" name="signupByEmail" time="0.0">
    <ignored/>
  </testcase> <!-- signupByEmail -->
  <testcase classname="day9.Grouping" name="loginByFacebook" time="0.0">
    <ignored/>
  </testcase> <!-- loginByFacebook -->
  <testcase classname="day9.Grouping" name="loginByEmail" time="0.0">
    <ignored/>
  </testcase> <!-- loginByEmail -->
</testsuite> <!-- mytest -->
